----------------------------------------------------------------
Sun Dec 07 10:15:14 BRST 2014:
Booting Derby version The Apache Software Foundation - Apache Derby - 10.10.1.1 - (1458268): instance a816c00e-014a-24ac-d439-00000bb5b7f0 
on database directory /usr/local/apache-tomcat-7.0.56/webapps/TavernaServer-2.5.4/tavernaserver with class loader WebappClassLoader
  context: /TavernaServer-2.5.4
  delegate: false
  repositories:
    /WEB-INF/classes/
----------> Parent Classloader:
org.apache.catalina.loader.StandardClassLoader@300ffa5d
 
Loaded from file:/usr/local/apache-tomcat-7.0.56/webapps/TavernaServer-2.5.4/WEB-INF/lib/derby-10.10.1.1.jar
java.vendor=Oracle Corporation
java.runtime.version=1.8.0_25-b17
user.dir=/Users/vitorfs/Development/pgcc/plscience-ecos
os.name=Mac OS X
os.arch=x86_64
os.version=10.10.1
derby.system.home=null
Database Class Loader started - derby.database.classpath=''
----------------------------------------------------------------
Sun Dec 07 10:15:19 BRST 2014:
Shutting down instance a816c00e-014a-24ac-d439-00000bb5b7f0 on database directory /usr/local/apache-tomcat-7.0.56/webapps/TavernaServer-2.5.4/tavernaserver with class loader WebappClassLoader
  context: /TavernaServer-2.5.4
  delegate: false
  repositories:
    /WEB-INF/classes/
----------> Parent Classloader:
org.apache.catalina.loader.StandardClassLoader@300ffa5d
 
